
2021-05-05 10:20:32 INFO  Service:116 - The user has registed a customer account with username: rob90 .
2021-05-05 10:20:50 INFO  Service:49 - The user ID: 34 has loged in as : Customer .
2021-05-05 10:21:11 INFO  Service:49 - The user ID: 18 has loged in as : Customer .
2021-05-05 10:21:40 INFO  Service:144 - The customer ID: 18 made an offer on item ID: 8 for 1000.0 dollars.
2021-05-05 10:23:08 INFO  Service:49 - The user ID: 17 has loged in as : Employee .
2021-05-05 10:23:24 INFO  Service:232 - The employee ID: 17 has added an item into database. Item name: iphone200, item description: brand new, minimumPrice: 100.0dollars.
2021-05-05 10:24:04 INFO  Service:248 - The employee ID: 17 has edited an item of database. Item id: 15, item name: samsung, item description: secondhanded, minimumPrice: 200.0dollars.
2021-05-05 10:24:18 INFO  Service:287 - The employee ID: 17 has removed an item from databse. Item id: 15.
2021-05-05 10:24:39 INFO  Service:263 - The employee ID: 17 has made an decision on offer id: 31, offer decision: Accepted.
2021-05-05 10:25:10 INFO  Service:49 - The user ID: 19 has loged in as : Manager .
2021-05-05 10:25:18 INFO  Service:314 - The manager ID: 19 has fired an employee and deleted the employee account from databse. Employee id: 21.
2021-05-07 20:30:50 INFO  Service:62 - The user ID: 1 has loged in as : Customer .
2021-05-07 20:38:09 INFO  Service:62 - The user ID: 1 has loged in as : Customer .
2021-05-07 20:42:47 INFO  Service:62 - The user ID: 1 has loged in as : Customer .
2021-05-07 20:43:17 INFO  Service:62 - The user ID: 1 has loged in as : Customer .
2021-05-07 21:10:55 INFO  Service:62 - The user ID: 1 has loged in as : Customer .
2021-05-07 21:11:16 INFO  Service:59 - The user ID: 1 has loged in as : Customer .
2021-05-08 01:15:18 INFO  Service:59 - The user ID: 1 has loged in as : Customer .
2021-05-08 01:16:03 INFO  Service:59 - The user ID: 1 has loged in as : Customer .
2021-05-08 01:17:30 INFO  Service:59 - The user ID: 1 has loged in as : Customer .
2021-05-08 01:17:41 INFO  Service:59 - The user ID: 1 has loged in as : Customer .
2021-05-08 01:18:14 INFO  Service:59 - The user ID: 1 has loged in as : Customer .
2021-05-08 01:18:48 INFO  Service:59 - The user ID: 1 has loged in as : Customer .
